<?xml version="1.0" encoding="UTF-8"?>
<!-- Generated by org.testng.reporters.JUnitReportReporter -->
<testsuite hostname="JIM-TI8227" name="p1.C1" tests="1" failures="0" timestamp="7 Dec 2015 05:57:56 GMT" time="0.023" errors="0">
  <testcase name="maventestexample" time="0.023" classname="p1.C1"/>
</testsuite> <!-- p1.C1 -->
